<?xml version="1.0" encoding="UTF-8"?>
<testsuite xmlns:xsi="http://www.w3.org/2001/XMLSchema-instance" xsi:noNamespaceSchemaLocation="https://maven.apache.org/surefire/maven-surefire-plugin/xsd/surefire-test-report-3.0.xsd" version="3.0" name="org.sonar.samples.java.checks.AvoidMethodDeclarationCheckTest" time="0.059" tests="1" errors="0" skipped="0" failures="0">
  <properties>
    <property name="awt.toolkit" value="sun.lwawt.macosx.LWCToolkit"/>
    <property name="java.specification.version" value="12"/>
    <property name="sun.jnu.encoding" value="UTF-8"/>
    <property name="java.class.path" value="/Users/billschwartz/Documents/sonar-custom-rules-examples/java-custom-rules/target/test-classes:/Users/billschwartz/Documents/sonar-custom-rules-examples/java-custom-rules/target/classes:/Users/billschwartz/.m2/repository/org/sonarsource/sonarqube/sonar-plugin-api/7.7/sonar-plugin-api-7.7.jar:/Users/billschwartz/.m2/repository/org/sonarsource/java/sonar-java-plugin/5.12.1.17771/sonar-java-plugin-5.12.1.17771.jar:/Users/billschwartz/.m2/repository/org/sonarsource/java/java-surefire/5.12.1.17771/java-surefire-5.12.1.17771.jar:/Users/billschwartz/.m2/repository/com/fasterxml/staxmate/staxmate/2.3.1/staxmate-2.3.1.jar:/Users/billschwartz/.m2/repository/org/codehaus/woodstox/stax2-api/3.1.4/stax2-api-3.1.4.jar:/Users/billschwartz/.m2/repository/org/sonarsource/analyzer-commons/sonar-xml-parsing/1.10.2.456/sonar-xml-parsing-1.10.2.456.jar:/Users/billschwartz/.m2/repository/org/sonarsource/analyzer-commons/sonar-analyzer-test-commons/1.10.2.456/sonar-analyzer-test-commons-1.10.2.456.jar:/Users/billschwartz/.m2/repository/xerces/xercesImpl/2.12.0/xercesImpl-2.12.0.jar:/Users/billschwartz/.m2/repository/xml-apis/xml-apis/1.4.01/xml-apis-1.4.01.jar:/Users/billschwartz/.m2/repository/com/fasterxml/woodstox/woodstox-core/5.2.0/woodstox-core-5.2.0.jar:/Users/billschwartz/.m2/repository/org/sonarsource/java/java-jacoco/5.12.1.17771/java-jacoco-5.12.1.17771.jar:/Users/billschwartz/.m2/repository/org/jacoco/org.jacoco.core/0.8.3/org.jacoco.core-0.8.3.jar:/Users/billschwartz/.m2/repository/org/ow2/asm/asm/7.0/asm-7.0.jar:/Users/billschwartz/.m2/repository/org/sonarsource/java/java-frontend/5.12.1.17771/java-frontend-5.12.1.17771.jar:/Users/billschwartz/.m2/repository/org/ow2/asm/asm-commons/7.1/asm-commons-7.1.jar:/Users/billschwartz/.m2/repository/org/ow2/asm/asm-tree/7.1/asm-tree-7.1.jar:/Users/billschwartz/.m2/repository/org/ow2/asm/asm-analysis/7.1/asm-analysis-7.1.jar:/Users/billschwartz/.m2/repository/org/ow2/asm/asm-util/7.1/asm-util-7.1.jar:/Users/billschwartz/.m2/repository/org/sonarsource/java/java-checks/5.12.1.17771/java-checks-5.12.1.17771.jar:/Users/billschwartz/.m2/repository/org/sonarsource/analyzer-commons/sonar-analyzer-recognizers/1.10.2.456/sonar-analyzer-recognizers-1.10.2.456.jar:/Users/billschwartz/.m2/repository/org/sonarsource/java/external-reports/5.12.1.17771/external-reports-5.12.1.17771.jar:/Users/billschwartz/.m2/repository/org/sonarsource/analyzer-commons/sonar-analyzer-commons/1.10.2.456/sonar-analyzer-commons-1.10.2.456.jar:/Users/billschwartz/.m2/repository/org/sonarsource/sslr-squid-bridge/sslr-squid-bridge/2.6.1/sslr-squid-bridge-2.6.1.jar:/Users/billschwartz/.m2/repository/org/picocontainer/picocontainer/2.14.1/picocontainer-2.14.1.jar:/Users/billschwartz/.m2/repository/org/sonarsource/java/java-checks-testkit/5.12.1.17771/java-checks-testkit-5.12.1.17771.jar:/Users/billschwartz/.m2/repository/com/google/code/findbugs/jsr305/1.3.9/jsr305-1.3.9.jar:/Users/billschwartz/.m2/repository/com/google/code/gson/gson/2.6.2/gson-2.6.2.jar:/Users/billschwartz/.m2/repository/org/sonarsource/sslr/sslr-testing-harness/1.21/sslr-testing-harness-1.21.jar:/Users/billschwartz/.m2/repository/org/sonarsource/sslr/sslr-core/1.21/sslr-core-1.21.jar:/Users/billschwartz/.m2/repository/cglib/cglib-nodep/3.1/cglib-nodep-3.1.jar:/Users/billschwartz/.m2/repository/org/sonarsource/sslr/sslr-toolkit/1.21/sslr-toolkit-1.21.jar:/Users/billschwartz/.m2/repository/org/sonarsource/sslr/sslr-xpath/1.21/sslr-xpath-1.21.jar:/Users/billschwartz/.m2/repository/jaxen/jaxen/1.1.4/jaxen-1.1.4.jar:/Users/billschwartz/.m2/repository/org/codehaus/sonar/sonar-colorizer/3.7/sonar-colorizer-3.7.jar:/Users/billschwartz/.m2/repository/org/codehaus/sonar/sonar-channel/3.7/sonar-channel-3.7.jar:/Users/billschwartz/.m2/repository/commons-io/commons-io/2.4/commons-io-2.4.jar:/Users/billschwartz/.m2/repository/org/easytesting/fest-assert/1.4/fest-assert-1.4.jar:/Users/billschwartz/.m2/repository/org/easytesting/fest-util/1.1.6/fest-util-1.1.6.jar:/Users/billschwartz/.m2/repository/org/hamcrest/hamcrest-all/1.1/hamcrest-all-1.1.jar:/Users/billschwartz/.m2/repository/commons-lang/commons-lang/2.6/commons-lang-2.6.jar:/Users/billschwartz/.m2/repository/com/google/guava/guava/19.0/guava-19.0.jar:/Users/billschwartz/.m2/repository/org/slf4j/slf4j-api/1.6.2/slf4j-api-1.6.2.jar:/Users/billschwartz/.m2/repository/junit/junit/4.11/junit-4.11.jar:/Users/billschwartz/.m2/repository/org/hamcrest/hamcrest-core/1.3/hamcrest-core-1.3.jar:/Users/billschwartz/.m2/repository/org/assertj/assertj-core/3.6.1/assertj-core-3.6.1.jar:/Users/billschwartz/.m2/repository/ch/qos/logback/logback-classic/0.9.30/logback-classic-0.9.30.jar:/Users/billschwartz/.m2/repository/ch/qos/logback/logback-core/0.9.30/logback-core-0.9.30.jar:"/>
    <property name="java.vm.vendor" value="Oracle Corporation"/>
    <property name="sun.arch.data.model" value="64"/>
    <property name="java.vendor.url" value="https://java.oracle.com/"/>
    <property name="os.name" value="Mac OS X"/>
    <property name="java.vm.specification.version" value="12"/>
    <property name="sun.java.launcher" value="SUN_STANDARD"/>
    <property name="user.country" value="US"/>
    <property name="sun.boot.library.path" value="/Library/Java/JavaVirtualMachines/jdk-12.0.2.jdk/Contents/Home/lib"/>
    <property name="sun.java.command" value="/Users/billschwartz/Documents/sonar-custom-rules-examples/java-custom-rules/target/surefire/surefirebooter6273506462836898508.jar /Users/billschwartz/Documents/sonar-custom-rules-examples/java-custom-rules/target/surefire 2019-09-27T08-36-03_404-jvmRun1 surefire14391736918264965940tmp surefire_03852394591682848285tmp"/>
    <property name="http.nonProxyHosts" value="local|*.local|169.254/16|*.169.254/16"/>
    <property name="jdk.debug" value="release"/>
    <property name="surefire.test.class.path" value="/Users/billschwartz/Documents/sonar-custom-rules-examples/java-custom-rules/target/test-classes:/Users/billschwartz/Documents/sonar-custom-rules-examples/java-custom-rules/target/classes:/Users/billschwartz/.m2/repository/org/sonarsource/sonarqube/sonar-plugin-api/7.7/sonar-plugin-api-7.7.jar:/Users/billschwartz/.m2/repository/org/sonarsource/java/sonar-java-plugin/5.12.1.17771/sonar-java-plugin-5.12.1.17771.jar:/Users/billschwartz/.m2/repository/org/sonarsource/java/java-surefire/5.12.1.17771/java-surefire-5.12.1.17771.jar:/Users/billschwartz/.m2/repository/com/fasterxml/staxmate/staxmate/2.3.1/staxmate-2.3.1.jar:/Users/billschwartz/.m2/repository/org/codehaus/woodstox/stax2-api/3.1.4/stax2-api-3.1.4.jar:/Users/billschwartz/.m2/repository/org/sonarsource/analyzer-commons/sonar-xml-parsing/1.10.2.456/sonar-xml-parsing-1.10.2.456.jar:/Users/billschwartz/.m2/repository/org/sonarsource/analyzer-commons/sonar-analyzer-test-commons/1.10.2.456/sonar-analyzer-test-commons-1.10.2.456.jar:/Users/billschwartz/.m2/repository/xerces/xercesImpl/2.12.0/xercesImpl-2.12.0.jar:/Users/billschwartz/.m2/repository/xml-apis/xml-apis/1.4.01/xml-apis-1.4.01.jar:/Users/billschwartz/.m2/repository/com/fasterxml/woodstox/woodstox-core/5.2.0/woodstox-core-5.2.0.jar:/Users/billschwartz/.m2/repository/org/sonarsource/java/java-jacoco/5.12.1.17771/java-jacoco-5.12.1.17771.jar:/Users/billschwartz/.m2/repository/org/jacoco/org.jacoco.core/0.8.3/org.jacoco.core-0.8.3.jar:/Users/billschwartz/.m2/repository/org/ow2/asm/asm/7.0/asm-7.0.jar:/Users/billschwartz/.m2/repository/org/sonarsource/java/java-frontend/5.12.1.17771/java-frontend-5.12.1.17771.jar:/Users/billschwartz/.m2/repository/org/ow2/asm/asm-commons/7.1/asm-commons-7.1.jar:/Users/billschwartz/.m2/repository/org/ow2/asm/asm-tree/7.1/asm-tree-7.1.jar:/Users/billschwartz/.m2/repository/org/ow2/asm/asm-analysis/7.1/asm-analysis-7.1.jar:/Users/billschwartz/.m2/repository/org/ow2/asm/asm-util/7.1/asm-util-7.1.jar:/Users/billschwartz/.m2/repository/org/sonarsource/java/java-checks/5.12.1.17771/java-checks-5.12.1.17771.jar:/Users/billschwartz/.m2/repository/org/sonarsource/analyzer-commons/sonar-analyzer-recognizers/1.10.2.456/sonar-analyzer-recognizers-1.10.2.456.jar:/Users/billschwartz/.m2/repository/org/sonarsource/java/external-reports/5.12.1.17771/external-reports-5.12.1.17771.jar:/Users/billschwartz/.m2/repository/org/sonarsource/analyzer-commons/sonar-analyzer-commons/1.10.2.456/sonar-analyzer-commons-1.10.2.456.jar:/Users/billschwartz/.m2/repository/org/sonarsource/sslr-squid-bridge/sslr-squid-bridge/2.6.1/sslr-squid-bridge-2.6.1.jar:/Users/billschwartz/.m2/repository/org/picocontainer/picocontainer/2.14.1/picocontainer-2.14.1.jar:/Users/billschwartz/.m2/repository/org/sonarsource/java/java-checks-testkit/5.12.1.17771/java-checks-testkit-5.12.1.17771.jar:/Users/billschwartz/.m2/repository/com/google/code/findbugs/jsr305/1.3.9/jsr305-1.3.9.jar:/Users/billschwartz/.m2/repository/com/google/code/gson/gson/2.6.2/gson-2.6.2.jar:/Users/billschwartz/.m2/repository/org/sonarsource/sslr/sslr-testing-harness/1.21/sslr-testing-harness-1.21.jar:/Users/billschwartz/.m2/repository/org/sonarsource/sslr/sslr-core/1.21/sslr-core-1.21.jar:/Users/billschwartz/.m2/repository/cglib/cglib-nodep/3.1/cglib-nodep-3.1.jar:/Users/billschwartz/.m2/repository/org/sonarsource/sslr/sslr-toolkit/1.21/sslr-toolkit-1.21.jar:/Users/billschwartz/.m2/repository/org/sonarsource/sslr/sslr-xpath/1.21/sslr-xpath-1.21.jar:/Users/billschwartz/.m2/repository/jaxen/jaxen/1.1.4/jaxen-1.1.4.jar:/Users/billschwartz/.m2/repository/org/codehaus/sonar/sonar-colorizer/3.7/sonar-colorizer-3.7.jar:/Users/billschwartz/.m2/repository/org/codehaus/sonar/sonar-channel/3.7/sonar-channel-3.7.jar:/Users/billschwartz/.m2/repository/commons-io/commons-io/2.4/commons-io-2.4.jar:/Users/billschwartz/.m2/repository/org/easytesting/fest-assert/1.4/fest-assert-1.4.jar:/Users/billschwartz/.m2/repository/org/easytesting/fest-util/1.1.6/fest-util-1.1.6.jar:/Users/billschwartz/.m2/repository/org/hamcrest/hamcrest-all/1.1/hamcrest-all-1.1.jar:/Users/billschwartz/.m2/repository/commons-lang/commons-lang/2.6/commons-lang-2.6.jar:/Users/billschwartz/.m2/repository/com/google/guava/guava/19.0/guava-19.0.jar:/Users/billschwartz/.m2/repository/org/slf4j/slf4j-api/1.6.2/slf4j-api-1.6.2.jar:/Users/billschwartz/.m2/repository/junit/junit/4.11/junit-4.11.jar:/Users/billschwartz/.m2/repository/org/hamcrest/hamcrest-core/1.3/hamcrest-core-1.3.jar:/Users/billschwartz/.m2/repository/org/assertj/assertj-core/3.6.1/assertj-core-3.6.1.jar:/Users/billschwartz/.m2/repository/ch/qos/logback/logback-classic/0.9.30/logback-classic-0.9.30.jar:/Users/billschwartz/.m2/repository/ch/qos/logback/logback-core/0.9.30/logback-core-0.9.30.jar:"/>
    <property name="sun.cpu.endian" value="little"/>
    <property name="user.home" value="/Users/billschwartz"/>
    <property name="user.language" value="en"/>
    <property name="java.specification.vendor" value="Oracle Corporation"/>
    <property name="java.version.date" value="2019-07-16"/>
    <property name="java.home" value="/Library/Java/JavaVirtualMachines/jdk-12.0.2.jdk/Contents/Home"/>
    <property name="file.separator" value="/"/>
    <property name="basedir" value="/Users/billschwartz/Documents/sonar-custom-rules-examples/java-custom-rules"/>
    <property name="java.vm.compressedOopsMode" value="Zero based"/>
    <property name="line.separator" value="&#10;"/>
    <property name="java.specification.name" value="Java Platform API Specification"/>
    <property name="java.vm.specification.vendor" value="Oracle Corporation"/>
    <property name="java.awt.graphicsenv" value="sun.awt.CGraphicsEnvironment"/>
    <property name="surefire.real.class.path" value="/Users/billschwartz/Documents/sonar-custom-rules-examples/java-custom-rules/target/surefire/surefirebooter6273506462836898508.jar"/>
    <property name="sun.management.compiler" value="HotSpot 64-Bit Tiered Compilers"/>
    <property name="ftp.nonProxyHosts" value="local|*.local|169.254/16|*.169.254/16"/>
    <property name="java.runtime.version" value="12.0.2+10"/>
    <property name="user.name" value="billschwartz"/>
    <property name="path.separator" value=":"/>
    <property name="os.version" value="10.14.6"/>
    <property name="java.runtime.name" value="Java(TM) SE Runtime Environment"/>
    <property name="file.encoding" value="UTF-8"/>
    <property name="java.vm.name" value="Java HotSpot(TM) 64-Bit Server VM"/>
    <property name="localRepository" value="/Users/billschwartz/.m2/repository"/>
    <property name="java.vendor.url.bug" value="https://bugreport.java.com/bugreport/"/>
    <property name="java.io.tmpdir" value="/var/folders/q6/2brs8jwx0ssg5x5rt1p1bwwh0000gn/T/"/>
    <property name="java.version" value="12.0.2"/>
    <property name="user.dir" value="/Users/billschwartz/Documents/sonar-custom-rules-examples/java-custom-rules"/>
    <property name="os.arch" value="x86_64"/>
    <property name="java.vm.specification.name" value="Java Virtual Machine Specification"/>
    <property name="java.library.path" value="/Users/billschwartz/Library/Java/Extensions:/Library/Java/Extensions:/Network/Library/Java/Extensions:/System/Library/Java/Extensions:/usr/lib/java:."/>
    <property name="java.vm.info" value="mixed mode, sharing"/>
    <property name="java.vendor" value="Oracle Corporation"/>
    <property name="java.vm.version" value="12.0.2+10"/>
    <property name="sun.io.unicode.encoding" value="UnicodeBig"/>
    <property name="socksNonProxyHosts" value="local|*.local|169.254/16|*.169.254/16"/>
    <property name="java.class.version" value="56.0"/>
  </properties>
  <testcase name="detected" classname="org.sonar.samples.java.checks.AvoidMethodDeclarationCheckTest" time="0.057"/>
</testsuite>